<?xml version="1.0" encoding="UTF-8"?>
<!-- Generated by org.testng.reporters.JUnitReportReporter -->
<testsuite hostname="DESKTOP-B5J61QQ" failures="0" tests="1" name="testCases.TC_002LoginTest" time="2.935" errors="0" timestamp="2025-09-19T15:52:18 IST" skipped="0">
  <testcase classname="testCases.TC_002LoginTest" name="verify_Login" time="2.935"/>
</testsuite> <!-- testCases.TC_002LoginTest -->
