<?xml version="1.0" encoding="UTF-8"?>
<!-- Generated by org.testng.reporters.JUnitReportReporter -->
<testsuite hostname="DESKTOP-B5J61QQ" failures="0" tests="1" name="testCases.TC_002LoginTest" time="5.909" errors="0" timestamp="2025-09-20T13:39:15 IST" skipped="0">
  <testcase classname="testCases.TC_002LoginTest" name="verify_Login" time="5.909"/>
</testsuite> <!-- testCases.TC_002LoginTest -->
